\BOOKMARK [0][-]{chapter*.1}{\376\377\000D\000\351\000d\000i\000c\000a\000c\000e}{}% 1
\BOOKMARK [0][-]{chapter*.2}{\376\377\000R\000e\000m\000e\000r\000c\000i\000e\000m\000e\000n\000t\000s\000\040\000/\000\040\000P\000r\000\351\000f\000a\000c\000e}{}% 2
\BOOKMARK [0][-]{chapter*.3}{\376\377\000R\000\351\000s\000u\000m\000\351}{}% 3
\BOOKMARK [0][-]{chapter*.4}{\376\377\000A\000b\000s\000t\000r\000a\000c\000t}{}% 4
\BOOKMARK [0][-]{section*.5}{\376\377\000L\000i\000s\000t\000e\000\040\000d\000e\000s\000\040\000f\000i\000g\000u\000r\000e\000s}{}% 5
\BOOKMARK [0][-]{section*.7}{\376\377\000L\000i\000s\000t\000e\000\040\000d\000e\000s\000\040\000t\000a\000b\000l\000e\000a\000u\000x}{}% 6
\BOOKMARK [0][-]{section*.11}{\376\377\000L\000i\000s\000t\000e\000\040\000d\000e\000s\000\040\000a\000c\000r\000o\000n\000y\000m\000e\000s}{}% 7
\BOOKMARK [0][-]{chapter*.14}{\376\377\000I\000n\000t\000r\000o\000d\000u\000c\000t\000i\000o\000n\000\040\000g\000\351\000n\000\351\000r\000a\000l\000e}{}% 8
\BOOKMARK [1][-]{section*.15}{\376\377\000C\000o\000n\000t\000e\000x\000t\000e\000\040\000g\000\351\000n\000\351\000r\000a\000l}{chapter*.14}% 9
\BOOKMARK [1][-]{section*.16}{\376\377\000P\000r\000o\000b\000l\000\351\000m\000a\000t\000i\000q\000u\000e}{chapter*.14}% 10
\BOOKMARK [1][-]{section*.17}{\376\377\000O\000b\000j\000e\000c\000t\000i\000f\000s\000\040\000d\000u\000\040\000p\000r\000o\000j\000e\000t}{chapter*.14}% 11
\BOOKMARK [1][-]{section*.18}{\376\377\000M\000\351\000t\000h\000o\000d\000o\000l\000o\000g\000i\000e\000\040\000a\000d\000o\000p\000t\000\351\000e}{chapter*.14}% 12
\BOOKMARK [1][-]{section*.19}{\376\377\000O\000r\000g\000a\000n\000i\000s\000a\000t\000i\000o\000n\000\040\000d\000u\000\040\000r\000a\000p\000p\000o\000r\000t}{chapter*.14}% 13
\BOOKMARK [0][-]{chapter.1}{\376\377\000C\000a\000d\000r\000e\000\040\000c\000o\000n\000c\000e\000p\000t\000u\000e\000l\000\040\000e\000t\000\040\000\351\000t\000u\000d\000e\000\040\000d\000e\000\040\000l\000'\000e\000x\000i\000s\000t\000a\000n\000t}{}% 14
\BOOKMARK [1][-]{section.1.1}{\376\377\000I\000n\000t\000r\000o\000d\000u\000c\000t\000i\000o\000n}{chapter.1}% 15
\BOOKMARK [1][-]{section.1.2}{\376\377\000P\000r\000\351\000s\000e\000n\000t\000a\000t\000i\000o\000n\000\040\000d\000u\000\040\000d\000o\000m\000a\000i\000n\000e\000\040\000p\000h\000a\000r\000m\000a\000c\000e\000u\000t\000i\000q\000u\000e}{chapter.1}% 16
\BOOKMARK [1][-]{section.1.3}{\376\377\000C\000o\000n\000t\000e\000x\000t\000e\000\040\000g\000\351\000n\000\351\000r\000a\000l}{chapter.1}% 17
\BOOKMARK [1][-]{section.1.4}{\376\377\000C\000a\000d\000r\000e\000\040\000d\000u\000\040\000s\000t\000a\000g\000e\000\040\000e\000x\000t\000e\000r\000n\000e\000\040\000e\000t\000\040\000o\000r\000g\000a\000n\000i\000s\000m\000e\000\040\000d\000'\000a\000c\000c\000u\000e\000i\000l}{chapter.1}% 18
\BOOKMARK [1][-]{section.1.5}{\376\377\000P\000r\000o\000b\000l\000\350\000m\000e\000s\000\040\000e\000t\000\040\000d\000\351\000f\000i\000s}{chapter.1}% 19
\BOOKMARK [1][-]{section.1.6}{\376\377\000\311\000t\000u\000d\000e\000\040\000d\000e\000\040\000l\000'\000e\000x\000i\000s\000t\000a\000n\000t}{chapter.1}% 20
\BOOKMARK [1][-]{section.1.7}{\376\377\000A\000n\000a\000l\000y\000s\000e\000\040\000d\000u\000\040\000m\000a\000r\000c\000h\000\351\000\040\000e\000t\000\040\000s\000o\000l\000u\000t\000i\000o\000n\000s\000\040\000e\000x\000i\000s\000t\000a\000n\000t\000e\000s}{chapter.1}% 21
\BOOKMARK [1][-]{section.1.8}{\376\377\000C\000r\000i\000t\000i\000q\000u\000e\000\040\000d\000e\000\040\000l\000'\000e\000x\000i\000s\000t\000a\000n\000t}{chapter.1}% 22
\BOOKMARK [1][-]{section.1.9}{\376\377\000S\000o\000l\000u\000t\000i\000o\000n\000\040\000p\000r\000o\000p\000o\000s\000\351\000e\000\040\000:\000\040\000P\000h\000a\000r\000m\000a\000c\000i\000e\000C\000o\000n\000n\000e\000c\000t}{chapter.1}% 23
\BOOKMARK [1][-]{section.1.10}{\376\377\000O\000b\000j\000e\000c\000t\000i\000f\000s}{chapter.1}% 24
\BOOKMARK [1][-]{section.1.11}{\376\377\000A\000c\000t\000e\000u\000r\000s}{chapter.1}% 25
\BOOKMARK [1][-]{section.1.12}{\376\377\000B\000e\000s\000o\000i\000n\000s\000\040\000f\000o\000n\000c\000t\000i\000o\000n\000n\000e\000l\000s}{chapter.1}% 26
\BOOKMARK [1][-]{section.1.13}{\376\377\000B\000e\000s\000o\000i\000n\000s\000\040\000n\000o\000n\000\040\000f\000o\000n\000c\000t\000i\000o\000n\000n\000e\000l\000s}{chapter.1}% 27
\BOOKMARK [1][-]{section.1.14}{\376\377\000M\000\351\000t\000h\000o\000d\000o\000l\000o\000g\000i\000e\000\040\000d\000e\000\040\000d\000\351\000v\000e\000l\000o\000p\000p\000e\000m\000e\000n\000t}{chapter.1}% 28
\BOOKMARK [1][-]{section.1.15}{\376\377\000D\000i\000a\000g\000r\000a\000m\000m\000e\000\040\000d\000e\000\040\000c\000a\000s\000\040\000d\000'\000u\000t\000i\000l\000i\000s\000a\000t\000i\000o\000n}{chapter.1}% 29
\BOOKMARK [1][-]{section.1.16}{\376\377\000P\000l\000a\000n\000i\000f\000i\000c\000a\000t\000i\000o\000n\000\040\000t\000e\000c\000h\000n\000i\000q\000u\000e}{chapter.1}% 30
\BOOKMARK [1][-]{section.1.17}{\376\377\000C\000o\000n\000c\000l\000u\000s\000i\000o\000n}{chapter.1}% 31
\BOOKMARK [0][-]{chapter.2}{\376\377\000A\000n\000a\000l\000y\000s\000e\000\040\000e\000t\000\040\000s\000p\000\351\000c\000i\000f\000i\000c\000a\000t\000i\000o\000n\000\040\000d\000e\000s\000\040\000b\000e\000s\000o\000i\000n\000s}{}% 32
\BOOKMARK [1][-]{section.2.1}{\376\377\000I\000n\000t\000r\000o\000d\000u\000c\000t\000i\000o\000n}{chapter.2}% 33
\BOOKMARK [1][-]{section.2.2}{\376\377\000A\000c\000t\000e\000u\000r\000s}{chapter.2}% 34
\BOOKMARK [1][-]{section.2.3}{\376\377\000B\000e\000s\000o\000i\000n\000s\000\040\000f\000o\000n\000c\000t\000i\000o\000n\000n\000e\000l\000s\000\040\000d\000\351\000t\000a\000i\000l\000l\000\351\000s}{chapter.2}% 35
\BOOKMARK [1][-]{section.2.4}{\376\377\000B\000e\000s\000o\000i\000n\000s\000\040\000n\000o\000n\000\040\000f\000o\000n\000c\000t\000i\000o\000n\000n\000e\000l\000s}{chapter.2}% 36
\BOOKMARK [1][-]{section.2.5}{\376\377\000R\000\350\000g\000l\000e\000s\000\040\000d\000e\000\040\000g\000e\000s\000t\000i\000o\000n}{chapter.2}% 37
\BOOKMARK [1][-]{section.2.6}{\376\377\000D\000e\000s\000c\000r\000i\000p\000t\000i\000o\000n\000s\000\040\000t\000e\000x\000t\000u\000e\000l\000l\000e\000s\000\040\000d\000e\000s\000\040\000c\000a\000s\000\040\000d\000'\000u\000t\000i\000l\000i\000s\000a\000t\000i\000o\000n}{chapter.2}% 38
\BOOKMARK [2][-]{subsection.2.6.1}{\376\377\000C\000a\000s\000\040\000d\000'\000u\000t\000i\000l\000i\000s\000a\000t\000i\000o\000n\000\040\000:\000\040\000a\000u\000t\000h\000e\000n\000t\000i\000f\000i\000c\000a\000t\000i\000o\000n}{section.2.6}% 39
\BOOKMARK [2][-]{subsection.2.6.2}{\376\377\000C\000a\000s\000\040\000d\000'\000u\000t\000i\000l\000i\000s\000a\000t\000i\000o\000n\000\040\000:\000\040\000r\000e\000c\000h\000e\000r\000c\000h\000e\000\040\000d\000'\000u\000n\000e\000\040\000p\000h\000a\000r\000m\000a\000c\000i\000e}{section.2.6}% 40
\BOOKMARK [2][-]{subsection.2.6.3}{\376\377\000C\000a\000s\000\040\000d\000'\000u\000t\000i\000l\000i\000s\000a\000t\000i\000o\000n\000\040\000:\000\040\000c\000o\000n\000s\000u\000l\000t\000a\000t\000i\000o\000n\000\040\000d\000e\000s\000\040\000p\000h\000a\000r\000m\000a\000c\000i\000e\000s\000\040\000d\000e\000\040\000g\000a\000r\000d\000e}{section.2.6}% 41
\BOOKMARK [2][-]{subsection.2.6.4}{\376\377\000C\000a\000s\000\040\000d\000'\000u\000t\000i\000l\000i\000s\000a\000t\000i\000o\000n\000\040\000:\000\040\000g\000e\000s\000t\000i\000o\000n\000\040\000d\000e\000s\000\040\000p\000h\000a\000r\000m\000a\000c\000i\000e\000s}{section.2.6}% 42
\BOOKMARK [2][-]{subsection.2.6.5}{\376\377\000C\000a\000s\000\040\000d\000'\000u\000t\000i\000l\000i\000s\000a\000t\000i\000o\000n\000\040\000:\000\040\000i\000m\000p\000o\000r\000t\000\040\000C\000S\000V}{section.2.6}% 43
\BOOKMARK [2][-]{subsection.2.6.6}{\376\377\000C\000a\000s\000\040\000d\000'\000u\000t\000i\000l\000i\000s\000a\000t\000i\000o\000n\000\040\000:\000\040\000g\000e\000s\000t\000i\000o\000n\000\040\000d\000e\000s\000\040\000u\000t\000i\000l\000i\000s\000a\000t\000e\000u\000r\000s\000\040\000e\000t\000\040\000a\000s\000s\000i\000s\000t\000a\000n\000t\000s}{section.2.6}% 44
\BOOKMARK [1][-]{section.2.7}{\376\377\000D\000i\000a\000g\000r\000a\000m\000m\000e\000\040\000d\000e\000\040\000c\000a\000s\000\040\000d\000'\000u\000t\000i\000l\000i\000s\000a\000t\000i\000o\000n}{chapter.2}% 45
\BOOKMARK [1][-]{section.2.8}{\376\377\000C\000o\000n\000c\000l\000u\000s\000i\000o\000n}{chapter.2}% 46
\BOOKMARK [0][-]{chapter.3}{\376\377\000C\000o\000n\000c\000e\000p\000t\000i\000o\000n}{}% 47
\BOOKMARK [1][-]{section.3.1}{\376\377\000I\000n\000t\000r\000o\000d\000u\000c\000t\000i\000o\000n}{chapter.3}% 48
\BOOKMARK [1][-]{section.3.2}{\376\377\000A\000r\000c\000h\000i\000t\000e\000c\000t\000u\000r\000e\000\040\000g\000l\000o\000b\000a\000l\000e}{chapter.3}% 49
\BOOKMARK [1][-]{section.3.3}{\376\377\000B\000a\000c\000k\000e\000n\000d\000\040\000F\000a\000s\000t\000A\000P\000I}{chapter.3}% 50
\BOOKMARK [1][-]{section.3.4}{\376\377\000T\000a\000b\000l\000e\000a\000u\000\040\000d\000e\000\040\000b\000o\000r\000d\000\040\000R\000e\000a\000c\000t\000/\000V\000i\000t\000e}{chapter.3}% 51
\BOOKMARK [1][-]{section.3.5}{\376\377\000A\000p\000p\000l\000i\000c\000a\000t\000i\000o\000n\000\040\000m\000o\000b\000i\000l\000e\000\040\000E\000x\000p\000o\000/\000R\000e\000a\000c\000t\000\040\000N\000a\000t\000i\000v\000e}{chapter.3}% 52
\BOOKMARK [1][-]{section.3.6}{\376\377\000M\000o\000d\000\350\000l\000e\000\040\000d\000e\000\040\000d\000o\000n\000n\000\351\000e\000s}{chapter.3}% 53
\BOOKMARK [1][-]{section.3.7}{\376\377\000D\000i\000a\000g\000r\000a\000m\000m\000e\000\040\000d\000e\000\040\000c\000l\000a\000s\000s\000e\000s}{chapter.3}% 54
\BOOKMARK [1][-]{section.3.8}{\376\377\000D\000i\000a\000g\000r\000a\000m\000m\000e\000s\000\040\000d\000e\000\040\000s\000\351\000q\000u\000e\000n\000c\000e}{chapter.3}% 55
\BOOKMARK [1][-]{section.3.9}{\376\377\000D\000i\000a\000g\000r\000a\000m\000m\000e\000\040\000d\000'\000a\000c\000t\000i\000v\000i\000t\000\351}{chapter.3}% 56
\BOOKMARK [1][-]{section.3.10}{\376\377\000D\000i\000a\000g\000r\000a\000m\000m\000e\000\040\000d\000e\000\040\000c\000o\000m\000p\000o\000s\000a\000n\000t\000s\000\040\000e\000t\000\040\000d\000e\000\040\000d\000\351\000p\000l\000o\000i\000e\000m\000e\000n\000t}{chapter.3}% 57
\BOOKMARK [1][-]{section.3.11}{\376\377\000S\000\351\000c\000u\000r\000i\000t\000\351}{chapter.3}% 58
\BOOKMARK [2][-]{subsection.3.11.1}{\376\377\000J\000W\000T}{section.3.11}% 59
\BOOKMARK [2][-]{subsection.3.11.2}{\376\377\000C\000o\000n\000t\000r\000\364\000l\000e\000\040\000d\000'\000a\000c\000c\000\350\000s\000\040\000b\000a\000s\000\351\000\040\000s\000u\000r\000\040\000l\000e\000s\000\040\000r\000\364\000l\000e\000s\000\040\000\050\000R\000B\000A\000C\000\051}{section.3.11}% 60
\BOOKMARK [2][-]{subsection.3.11.3}{\376\377\000H\000a\000c\000h\000a\000g\000e\000\040\000d\000e\000s\000\040\000m\000o\000t\000s\000\040\000d\000e\000\040\000p\000a\000s\000s\000e}{section.3.11}% 61
\BOOKMARK [2][-]{subsection.3.11.4}{\376\377\000V\000a\000l\000i\000d\000a\000t\000i\000o\000n\000\040\000A\000P\000I}{section.3.11}% 62
\BOOKMARK [2][-]{subsection.3.11.5}{\376\377\000V\000a\000r\000i\000a\000b\000l\000e\000s\000\040\000d\000'\000e\000n\000v\000i\000r\000o\000n\000n\000e\000m\000e\000n\000t}{section.3.11}% 63
\BOOKMARK [1][-]{section.3.12}{\376\377\000J\000u\000s\000t\000i\000f\000i\000c\000a\000t\000i\000o\000n\000\040\000d\000e\000s\000\040\000c\000h\000o\000i\000x\000\040\000t\000e\000c\000h\000n\000i\000q\000u\000e\000s}{chapter.3}% 64
\BOOKMARK [1][-]{section.3.13}{\376\377\000C\000o\000n\000c\000l\000u\000s\000i\000o\000n}{chapter.3}% 65
\BOOKMARK [0][-]{chapter.4}{\376\377\000R\000\351\000a\000l\000i\000s\000a\000t\000i\000o\000n\000\040\000e\000t\000\040\000t\000e\000s\000t\000s}{}% 66
\BOOKMARK [1][-]{section.4.1}{\376\377\000I\000n\000t\000r\000o\000d\000u\000c\000t\000i\000o\000n}{chapter.4}% 67
\BOOKMARK [1][-]{section.4.2}{\376\377\000E\000n\000v\000i\000r\000o\000n\000n\000e\000m\000e\000n\000t\000\040\000m\000a\000t\000\351\000r\000i\000e\000l\000\040\000e\000t\000\040\000l\000o\000g\000i\000c\000i\000e\000l}{chapter.4}% 68
\BOOKMARK [1][-]{section.4.3}{\376\377\000T\000e\000c\000h\000n\000o\000l\000o\000g\000i\000e\000s\000\040\000u\000t\000i\000l\000i\000s\000\351\000e\000s}{chapter.4}% 69
\BOOKMARK [1][-]{section.4.4}{\376\377\000O\000r\000g\000a\000n\000i\000s\000a\000t\000i\000o\000n\000\040\000d\000u\000\040\000d\000\351\000p\000\364\000t}{chapter.4}% 70
\BOOKMARK [1][-]{section.4.5}{\376\377\000R\000\351\000a\000l\000i\000s\000a\000t\000i\000o\000n\000\040\000b\000a\000c\000k\000e\000n\000d}{chapter.4}% 71
\BOOKMARK [2][-]{subsection.4.5.1}{\376\377\000E\000n\000d\000p\000o\000i\000n\000t\000s\000\040\000p\000u\000b\000l\000i\000c\000s}{section.4.5}% 72
\BOOKMARK [2][-]{subsection.4.5.2}{\376\377\000A\000u\000t\000h\000e\000n\000t\000i\000f\000i\000c\000a\000t\000i\000o\000n\000\040\000e\000t\000\040\000s\000e\000s\000s\000i\000o\000n\000s}{section.4.5}% 73
\BOOKMARK [2][-]{subsection.4.5.3}{\376\377\000S\000e\000r\000v\000i\000c\000e\000s\000\040\000m\000\351\000t\000i\000e\000r}{section.4.5}% 74
\BOOKMARK [2][-]{subsection.4.5.4}{\376\377\000I\000m\000p\000o\000r\000t\000s\000\040\000C\000S\000V}{section.4.5}% 75
\BOOKMARK [2][-]{subsection.4.5.5}{\376\377\000A\000u\000d\000i\000t\000\040\000e\000t\000\040\000i\000n\000d\000i\000c\000a\000t\000e\000u\000r\000s}{section.4.5}% 76
\BOOKMARK [1][-]{section.4.6}{\376\377\000R\000\351\000a\000l\000i\000s\000a\000t\000i\000o\000n\000\040\000d\000u\000\040\000t\000a\000b\000l\000e\000a\000u\000\040\000d\000e\000\040\000b\000o\000r\000d\000\040\000a\000d\000m\000i\000n\000i\000s\000t\000r\000a\000t\000e\000u\000r}{chapter.4}% 77
\BOOKMARK [2][-]{subsection.4.6.1}{\376\377\000P\000a\000g\000e\000s\000\040\000p\000r\000i\000n\000c\000i\000p\000a\000l\000e\000s}{section.4.6}% 78
\BOOKMARK [2][-]{subsection.4.6.2}{\376\377\000G\000e\000s\000t\000i\000o\000n\000\040\000d\000e\000s\000\040\000s\000e\000s\000s\000i\000o\000n\000s\000\040\000c\000\364\000t\000\351\000\040\000a\000d\000m\000i\000n\000i\000s\000t\000r\000a\000t\000i\000o\000n}{section.4.6}% 79
\BOOKMARK [1][-]{section.4.7}{\376\377\000R\000\351\000a\000l\000i\000s\000a\000t\000i\000o\000n\000\040\000a\000p\000p\000l\000i\000c\000a\000t\000i\000o\000n\000\040\000m\000o\000b\000i\000l\000e}{chapter.4}% 80
\BOOKMARK [2][-]{subsection.4.7.1}{\376\377\000R\000e\000c\000h\000e\000r\000c\000h\000e\000\040\000e\000t\000\040\000d\000\351\000t\000a\000i\000l\000\040\000d\000e\000s\000\040\000p\000h\000a\000r\000m\000a\000c\000i\000e\000s}{section.4.7}% 81
\BOOKMARK [2][-]{subsection.4.7.2}{\376\377\000C\000a\000r\000t\000e\000\040\000e\000t\000\040\000g\000\351\000o\000l\000o\000c\000a\000l\000i\000s\000a\000t\000i\000o\000n}{section.4.7}% 82
\BOOKMARK [2][-]{subsection.4.7.3}{\376\377\000C\000a\000l\000e\000n\000d\000r\000i\000e\000r\000\040\000d\000e\000s\000\040\000g\000a\000r\000d\000e\000s}{section.4.7}% 83
\BOOKMARK [2][-]{subsection.4.7.4}{\376\377\000C\000a\000t\000a\000l\000o\000g\000u\000e\000\040\000d\000e\000\040\000m\000\351\000d\000i\000c\000a\000m\000e\000n\000t\000s}{section.4.7}% 84
\BOOKMARK [2][-]{subsection.4.7.5}{\376\377\000P\000a\000r\000a\000m\000\350\000t\000r\000e\000s\000,\000\040\000l\000a\000n\000g\000u\000e\000s\000\040\000e\000t\000\040\000t\000h\000\350\000m\000e}{section.4.7}% 85
\BOOKMARK [1][-]{section.4.8}{\376\377\000C\000a\000p\000t\000u\000r\000e\000s\000\040\000d\000'\000\351\000c\000r\000a\000n}{chapter.4}% 86
\BOOKMARK [1][-]{section.4.9}{\376\377\000I\000n\000t\000\351\000g\000r\000a\000t\000i\000o\000n\000\040\000A\000P\000I}{chapter.4}% 87
\BOOKMARK [1][-]{section.4.10}{\376\377\000D\000\351\000p\000l\000o\000i\000e\000m\000e\000n\000t\000\040\000e\000t\000\040\000c\000o\000n\000f\000i\000g\000u\000r\000a\000t\000i\000o\000n}{chapter.4}% 88
\BOOKMARK [1][-]{section.4.11}{\376\377\000T\000e\000s\000t\000s\000\040\000u\000n\000i\000t\000a\000i\000r\000e\000s\000,\000\040\000A\000P\000I\000\040\000e\000t\000\040\000m\000a\000n\000u\000e\000l\000s}{chapter.4}% 89
\BOOKMARK [2][-]{subsection.4.11.1}{\376\377\000S\000t\000r\000a\000t\000\351\000g\000i\000e\000\040\000d\000e\000\040\000t\000e\000s\000t}{section.4.11}% 90
\BOOKMARK [2][-]{subsection.4.11.2}{\376\377\000R\000\351\000s\000u\000l\000t\000a\000t\000s\000\040\000d\000e\000\040\000v\000a\000l\000i\000d\000a\000t\000i\000o\000n\000\040\000a\000u\000t\000o\000m\000a\000t\000i\000s\000\351\000e}{section.4.11}% 91
\BOOKMARK [2][-]{subsection.4.11.3}{\376\377\000T\000e\000s\000t\000s\000\040\000a\000u\000t\000o\000m\000a\000t\000i\000s\000\351\000s\000\040\000d\000u\000\040\000b\000a\000c\000k\000e\000n\000d}{section.4.11}% 92
\BOOKMARK [2][-]{subsection.4.11.4}{\376\377\000T\000e\000s\000t\000s\000\040\000A\000P\000I}{section.4.11}% 93
\BOOKMARK [2][-]{subsection.4.11.5}{\376\377\000V\000a\000l\000i\000d\000a\000t\000i\000o\000n\000\040\000d\000u\000\040\000d\000\351\000p\000l\000o\000i\000e\000m\000e\000n\000t\000\040\000l\000o\000c\000a\000l}{section.4.11}% 94
\BOOKMARK [2][-]{subsection.4.11.6}{\376\377\000V\000a\000l\000i\000d\000a\000t\000i\000o\000n\000\040\000f\000o\000n\000c\000t\000i\000o\000n\000n\000e\000l\000l\000e}{section.4.11}% 95
\BOOKMARK [1][-]{section.4.12}{\376\377\000D\000i\000f\000f\000i\000c\000u\000l\000t\000\351\000s\000\040\000r\000e\000n\000c\000o\000n\000t\000r\000\351\000e\000s\000\040\000e\000t\000\040\000s\000o\000l\000u\000t\000i\000o\000n\000s\000\040\000a\000d\000o\000p\000t\000\351\000e\000s}{chapter.4}% 96
\BOOKMARK [1][-]{section.4.13}{\376\377\000C\000o\000n\000c\000l\000u\000s\000i\000o\000n}{chapter.4}% 97
\BOOKMARK [0][-]{chapter*.48}{\376\377\000C\000o\000n\000c\000l\000u\000s\000i\000o\000n\000\040\000g\000\351\000n\000\351\000r\000a\000l\000e}{}% 98
\BOOKMARK [1][-]{section*.49}{\376\377\000B\000i\000l\000a\000n}{chapter*.48}% 99
\BOOKMARK [1][-]{section*.50}{\376\377\000R\000\351\000s\000u\000l\000t\000a\000t\000s\000\040\000o\000b\000t\000e\000n\000u\000s}{chapter*.48}% 100
\BOOKMARK [1][-]{section*.51}{\376\377\000L\000i\000m\000i\000t\000e\000s}{chapter*.48}% 101
\BOOKMARK [1][-]{section*.52}{\376\377\000P\000e\000r\000s\000p\000e\000c\000t\000i\000v\000e\000s}{chapter*.48}% 102
\BOOKMARK [0][-]{section*.53}{\376\377\000B\000i\000b\000l\000i\000o\000g\000r\000a\000p\000h\000i\000e}{}% 103
\BOOKMARK [0][-]{appendix.A}{\376\377\000A\000n\000n\000e\000x\000e\000s}{}% 104
\BOOKMARK [1][-]{section.A.1}{\376\377\000D\000e\000s\000c\000r\000i\000p\000t\000i\000o\000n\000s\000\040\000c\000o\000m\000p\000l\000\351\000m\000e\000n\000t\000a\000i\000r\000e\000s\000\040\000d\000e\000s\000\040\000c\000a\000s\000\040\000d\000'\000u\000t\000i\000l\000i\000s\000a\000t\000i\000o\000n}{appendix.A}% 105
\BOOKMARK [1][-]{section.A.2}{\376\377\000\311\000t\000a\000t\000\040\000d\000e\000s\000\040\000c\000a\000p\000t\000u\000r\000e\000s\000\040\000e\000t\000\040\000d\000i\000a\000g\000r\000a\000m\000m\000e\000s}{appendix.A}% 106
\BOOKMARK [1][-]{section.A.3}{\376\377\000C\000o\000m\000m\000a\000n\000d\000e\000s\000\040\000d\000e\000\040\000l\000a\000n\000c\000e\000m\000e\000n\000t}{appendix.A}% 107
\BOOKMARK [1][-]{section.A.4}{\376\377\000C\000o\000m\000m\000a\000n\000d\000e\000s\000\040\000d\000e\000\040\000t\000e\000s\000t}{appendix.A}% 108
\BOOKMARK [1][-]{section.A.5}{\376\377\000R\000\351\000s\000u\000l\000t\000a\000t\000s\000\040\000d\000e\000\040\000v\000a\000l\000i\000d\000a\000t\000i\000o\000n\000\040\000d\000u\000\040\0001\0003\000\040\000m\000a\000i\000\040\0002\0000\0002\0006}{appendix.A}% 109
\BOOKMARK [1][-]{section.A.6}{\376\377\000V\000a\000r\000i\000a\000b\000l\000e\000s\000\040\000d\000'\000e\000n\000v\000i\000r\000o\000n\000n\000e\000m\000e\000n\000t}{appendix.A}% 110
\BOOKMARK [1][-]{section.A.7}{\376\377\000E\000x\000e\000m\000p\000l\000e\000s\000\040\000C\000S\000V}{appendix.A}% 111
